<?xml version="1.0" encoding="UTF-8"?>
<!-- Generated by org.testng.reporters.JUnitReportReporter -->
<testsuite hostname="DKW1740" name="com.LEGO.testSuite.Running_AlltestCase" tests="2" failures="0" timestamp="5 Jul 2017 05:20:04 GMT" time="325.597" errors="0">
  <testcase name="Verify_Not_in_language" time="183.188" classname="com.LEGO.testSuite.Running_AlltestCase"/>
  <testcase name="Verify_Not_in_language" time="142.409" classname="com.LEGO.testSuite.Running_AlltestCase"/>
</testsuite> <!-- com.LEGO.testSuite.Running_AlltestCase -->
